2022/05/17 14:15:20:591-關閉作業頁面1.
2022/05/17 14:15:30:676-Logged. Set boolWaitLog to true.
2022/05/17 14:15:30:748-boolWaitLog = true Done.
2022/05/17 14:15:30:748-End Log1.
2022/05/17 14:15:30:748-End Log2.
2022/05/17 14:15:30:752-End Log3.
2022/05/17 14:15:30:752-End Log.
2022/05/17 14:16:27:410-關閉作業頁面1.
2022/05/17 14:16:32:493-Logged. Set boolWaitLog to true.
2022/05/17 14:16:32:564-boolWaitLog = true Done.
2022/05/17 14:16:32:564-End Log1.
2022/05/17 14:16:32:564-End Log2.
2022/05/17 14:16:32:569-End Log3.
2022/05/17 14:16:32:569-End Log.
2022/05/17 14:16:36:017-關閉作業頁面1.
2022/05/17 14:16:41:375-Logged. Set boolWaitLog to true.
2022/05/17 14:16:41:418-boolWaitLog = true Done.
2022/05/17 14:16:41:418-End Log1.
2022/05/17 14:16:41:418-End Log2.
2022/05/17 14:16:41:422-End Log3.
2022/05/17 14:16:41:423-End Log.
2022/05/17 14:16:46:974-關閉作業頁面1.
2022/05/17 14:16:50:066-Logged. Set boolWaitLog to true.
2022/05/17 14:16:50:114-boolWaitLog = true Done.
2022/05/17 14:16:50:114-End Log1.
2022/05/17 14:16:50:114-End Log2.
2022/05/17 14:16:50:118-End Log3.
2022/05/17 14:16:50:121-End Log.
