2022/05/16 17:14:41:022->>Log Ok
2022/05/16 17:14:41:160->>Version : C05
2022/05/16 17:14:41:160->>LoadSystemParameter()
2022/05/16 17:14:41:219->>LoadUserPosition()
2022/05/16 17:14:41:234-LoadWPosition(): F:\WindowsAP\Olympus\矽品\WVOlympusRV12\RobotW.ini
2022/05/16 17:14:41:235-1: WPosition=30001
2022/05/16 17:14:41:235-2: WPosition=30002
2022/05/16 17:14:41:236-3: WPosition=30003
2022/05/16 17:14:41:236-4: WPosition=30004
2022/05/16 17:14:41:241->>LoadLensPosition()
2022/05/16 17:14:41:250->>LoadCalibrationFactor()
2022/05/16 17:14:41:251->>ReadLEDValue()
2022/05/16 17:14:41:853->>InitLampControl2()
2022/05/16 17:14:44:667->>After Parameter Loaded: Motion
2022/05/16 17:14:45:916->Motion : Init
2022/05/16 17:14:45:922->>Motion Initial失敗!
2022/05/16 17:14:45:923->>Register Motion Card Error!
2022/05/16 17:14:45:923->Motion Completed.
2022/05/16 17:14:45:923-Setup CCD...
2022/05/16 17:14:45:923-Setup CCD: 1
2022/05/16 17:14:45:925-Setup CCD: 2
2022/05/16 17:14:45:926-Setup CCD: [DFK 33G274 [HD-002]], [11124360]
2022/05/16 17:14:55:300-關閉作業頁面1.
2022/05/16 17:14:57:141-Logged. Set boolWaitLog to true.
2022/05/16 17:14:57:243-boolWaitLog = true Done.
2022/05/16 17:14:57:243-End Log1.
2022/05/16 17:14:57:244-End Log2.
2022/05/16 17:14:57:250-End Log3.
2022/05/16 17:14:57:251-End Log.
2022/05/16 17:15:19:395-關閉作業頁面1.
2022/05/16 17:35:04:740-Logged. Set boolWaitLog to true.
2022/05/16 17:35:04:841-boolWaitLog = true Done.
2022/05/16 17:35:04:842-End Log1.
2022/05/16 17:35:04:842-End Log2.
2022/05/16 17:35:04:849-End Log3.
2022/05/16 17:35:04:853-End Log.
2022/05/16 17:35:07:151-關閉作業頁面1.
2022/05/16 17:35:17:444-Logged. Set boolWaitLog to true.
2022/05/16 17:35:17:523-boolWaitLog = true Done.
2022/05/16 17:35:17:524-End Log1.
2022/05/16 17:35:17:524-End Log2.
2022/05/16 17:35:17:530-End Log3.
2022/05/16 17:35:17:531-End Log.
