2022/05/16 17:12:45:061->>Log Ok
2022/05/16 17:12:45:249->>Version : C05
2022/05/16 17:12:45:250->>LoadSystemParameter()
2022/05/16 17:12:45:319->>LoadUserPosition()
2022/05/16 17:12:45:335-LoadWPosition(): F:\WindowsAP\Olympus\矽品\WVOlympusRV12\RobotW.ini
2022/05/16 17:12:45:336-1: WPosition=30001
2022/05/16 17:12:45:337-2: WPosition=30002
2022/05/16 17:12:45:337-3: WPosition=30003
2022/05/16 17:12:45:337-4: WPosition=30004
2022/05/16 17:12:45:342->>LoadLensPosition()
2022/05/16 17:12:45:352->>LoadCalibrationFactor()
2022/05/16 17:12:45:353->>ReadLEDValue()
2022/05/16 17:12:45:960->>InitLampControl2()
2022/05/16 17:12:48:876->>After Parameter Loaded: Motion
2022/05/16 17:12:50:066->Motion : Init
2022/05/16 17:12:50:074->>Motion Initial失敗!
2022/05/16 17:12:50:074->>Register Motion Card Error!
2022/05/16 17:12:50:074->Motion Completed.
2022/05/16 17:12:50:074-Setup CCD...
2022/05/16 17:12:50:074-Setup CCD: 1
2022/05/16 17:12:50:077-Setup CCD: 2
2022/05/16 17:12:50:077-Setup CCD: [DFK 33G274 [HD-002]], [11124360]
2022/05/16 17:12:59:629-關閉作業頁面1.
2022/05/16 17:13:02:693-Logged. Set boolWaitLog to true.
2022/05/16 17:13:02:806-boolWaitLog = true Done.
2022/05/16 17:13:02:806-End Log1.
2022/05/16 17:13:02:806-End Log2.
2022/05/16 17:13:02:812-End Log3.
2022/05/16 17:13:02:813-End Log.
2022/05/16 17:13:06:444-關閉作業頁面1.
2022/05/16 17:13:08:572-Logged. Set boolWaitLog to true.
2022/05/16 17:13:08:645-boolWaitLog = true Done.
2022/05/16 17:13:08:645-End Log1.
2022/05/16 17:13:08:645-End Log2.
2022/05/16 17:13:08:652-End Log3.
2022/05/16 17:13:08:653-End Log.
2022/05/16 17:13:14:693-關閉作業頁面1.
2022/05/16 17:14:29:733-Logged. Set boolWaitLog to true.
2022/05/16 17:14:29:814-boolWaitLog = true Done.
2022/05/16 17:14:29:815-End Log1.
2022/05/16 17:14:29:815-End Log2.
2022/05/16 17:14:29:821-End Log3.
2022/05/16 17:14:29:821-End Log.
2022/05/16 17:14:32:349-Close All Timer...
2022/05/16 17:14:32:450-Close All Timer.
2022/05/16 17:14:32:450-Close Done.
