2022/05/17 14:36:48:382->>Log Ok
2022/05/17 14:36:48:577->>Version : C05
2022/05/17 14:36:48:578->>LoadSystemParameter()
2022/05/17 14:36:48:638->>LoadUserPosition()
2022/05/17 14:36:48:654-LoadWPosition(): F:\WindowsAP\Olympus\矽品\WVOlympusRV12\RobotW.ini
2022/05/17 14:36:48:655-1: WPosition=541646
2022/05/17 14:36:48:655-2: WPosition=9200
2022/05/17 14:36:48:656-3: WPosition=9200
2022/05/17 14:36:48:656-4: WPosition=9200
2022/05/17 14:36:48:661->>LoadLensPosition()
2022/05/17 14:36:48:671->>LoadCalibrationFactor()
2022/05/17 14:36:48:672->>ReadLEDValue()
2022/05/17 14:36:49:273->>InitLampControl2()
2022/05/17 14:36:53:512->>After Parameter Loaded: Motion
2022/05/17 14:36:54:469->Motion : Init
2022/05/17 14:36:54:473->>Motion Initial失敗!
2022/05/17 14:36:54:473->>Register Motion Card Error!
2022/05/17 14:36:54:473->Motion Completed.
2022/05/17 14:36:54:473-Setup CCD...
2022/05/17 14:36:54:474-Setup CCD: 1
2022/05/17 14:36:54:475-Setup CCD: 2
2022/05/17 14:36:54:475-Setup CCD: [DFK 33G274 [HD-002]], [11124360]
2022/05/17 14:37:06:620-關閉作業頁面1.
2022/05/17 14:37:08:752-Logged. Set boolWaitLog to true.
2022/05/17 14:37:08:807-boolWaitLog = true Done.
2022/05/17 14:37:08:807-End Log1.
2022/05/17 14:37:08:808-End Log2.
2022/05/17 14:37:08:812-End Log3.
2022/05/17 14:37:08:813-End Log.
2022/05/17 14:37:10:920-關閉作業頁面1.
2022/05/17 14:37:13:352-Logged. Set boolWaitLog to true.
2022/05/17 14:37:13:390-boolWaitLog = true Done.
2022/05/17 14:37:13:390-End Log1.
2022/05/17 14:37:13:390-End Log2.
2022/05/17 14:37:13:394-End Log3.
2022/05/17 14:37:13:395-End Log.
2022/05/17 14:37:15:548-關閉作業頁面1.
2022/05/17 14:37:18:208-Logged. Set boolWaitLog to true.
2022/05/17 14:37:18:250-boolWaitLog = true Done.
2022/05/17 14:37:18:251-End Log1.
2022/05/17 14:37:18:251-End Log2.
2022/05/17 14:37:18:255-End Log3.
2022/05/17 14:37:18:256-End Log.
2022/05/17 14:37:32:971-關閉作業頁面1.
