2022/08/27 22:13:07:546-Error Alarm: Power
2022/08/27 22:13:07:546-Error Alarm: Stage Door
2022/08/27 22:13:07:681-Error: 連續5秒未執行Motion及IO更新!
2022/08/27 22:13:07:681-SystemCDA Error!
2022/08/27 22:13:07:681-SystemVacuum Error!
2022/08/27 22:13:07:681-EFEMCDA Error!
2022/08/27 22:13:07:681-EFEMVacuum Error!
2022/08/27 22:13:07:735-Error Alarm: Power
2022/08/27 22:13:07:735-Error Alarm: Stage Door
2022/08/27 22:13:08:694-Error Alarm: Power
2022/08/27 22:13:08:695-Error Alarm: Stage Door
2022/08/27 22:13:09:716-Error Alarm: Power
2022/08/27 22:13:09:716-Error Alarm: Stage Door
2022/08/27 22:13:10:720-Error Alarm: Power
2022/08/27 22:13:10:720-Error Alarm: Stage Door
2022/08/27 22:13:11:734-Error Alarm: Power
2022/08/27 22:13:11:734-Error Alarm: Stage Door
2022/08/27 22:13:12:792-Error Alarm: Power
2022/08/27 22:13:12:793-Error Alarm: Stage Door
2022/08/27 22:13:13:825-Error: 連續5秒未執行Motion及IO更新!
2022/08/27 22:13:13:826-SystemCDA Error!
2022/08/27 22:13:13:826-SystemVacuum Error!
2022/08/27 22:13:13:826-EFEMCDA Error!
2022/08/27 22:13:13:826-EFEMVacuum Error!
2022/08/27 22:13:14:523-Error Alarm: Power
2022/08/27 22:13:14:523-Error Alarm: Stage Door
2022/08/27 22:13:15:272-Error Alarm: Power
2022/08/27 22:13:15:273-Error Alarm: Stage Door
2022/08/27 22:13:27:153-Error Alarm: Power
2022/08/27 22:13:27:154-Error Alarm: Stage Door
2022/08/27 22:13:28:099-Error Alarm: Power
2022/08/27 22:13:28:100-Error Alarm: Stage Door
2022/08/27 22:13:29:116-Error Alarm: Power
2022/08/27 22:13:29:116-Error Alarm: Stage Door
2022/08/27 22:13:30:127-Error Alarm: Power
2022/08/27 22:13:30:127-Error Alarm: Stage Door
2022/08/27 22:13:31:142-Error: 連續5秒未執行Motion及IO更新!
2022/08/27 22:13:31:142-SystemCDA Error!
2022/08/27 22:13:31:142-SystemVacuum Error!
2022/08/27 22:13:31:142-EFEMCDA Error!
2022/08/27 22:13:31:142-EFEMVacuum Error!
2022/08/27 22:13:31:166-Error Alarm: Power
2022/08/27 22:13:31:166-Error Alarm: Stage Door
2022/08/27 22:13:32:155-Error Alarm: Power
2022/08/27 22:13:32:155-Error Alarm: Stage Door
2022/08/27 22:13:33:169-Error Alarm: Power
2022/08/27 22:13:33:170-Error Alarm: Stage Door
2022/08/27 22:13:34:184-Error Alarm: Power
2022/08/27 22:13:34:184-Error Alarm: Stage Door
2022/08/27 22:13:35:197-Error Alarm: Power
2022/08/27 22:13:35:198-Error Alarm: Stage Door
2022/08/27 22:13:36:210-Error Alarm: Power
2022/08/27 22:13:36:210-Error Alarm: Stage Door
2022/08/27 22:13:37:224-Error: 連續5秒未執行Motion及IO更新!
2022/08/27 22:13:37:224-SystemCDA Error!
2022/08/27 22:13:37:224-SystemVacuum Error!
2022/08/27 22:13:37:224-EFEMCDA Error!
2022/08/27 22:13:37:224-EFEMVacuum Error!
2022/08/27 22:13:37:227-Error Alarm: Power
2022/08/27 22:13:37:227-Error Alarm: Stage Door
2022/08/27 22:13:38:238-Error Alarm: Power
2022/08/27 22:13:38:238-Error Alarm: Stage Door
2022/08/27 22:13:39:252-Error Alarm: Power
2022/08/27 22:13:39:252-Error Alarm: Stage Door
2022/08/27 22:13:40:266-Error Alarm: Power
2022/08/27 22:13:40:266-Error Alarm: Stage Door
2022/08/27 22:13:41:281-Error Alarm: Power
2022/08/27 22:13:41:281-Error Alarm: Stage Door
2022/08/27 22:13:42:295-Error Alarm: Power
2022/08/27 22:13:42:295-Error Alarm: Stage Door
2022/08/27 22:13:43:309-Error: 連續5秒未執行Motion及IO更新!
2022/08/27 22:13:43:309-SystemCDA Error!
2022/08/27 22:13:43:310-SystemVacuum Error!
2022/08/27 22:13:43:310-EFEMCDA Error!
2022/08/27 22:13:43:310-EFEMVacuum Error!
2022/08/27 22:13:43:312-Error Alarm: Power
2022/08/27 22:13:43:312-Error Alarm: Stage Door
2022/08/27 22:13:44:323-Error Alarm: Power
2022/08/27 22:13:44:324-Error Alarm: Stage Door
2022/08/27 22:13:45:337-Error Alarm: Power
2022/08/27 22:13:45:338-Error Alarm: Stage Door
2022/08/27 22:13:46:352-Error Alarm: Power
2022/08/27 22:13:46:352-Error Alarm: Stage Door
2022/08/27 22:13:47:365-Error Alarm: Power
2022/08/27 22:13:47:365-Error Alarm: Stage Door
2022/08/27 22:13:48:379-Error Alarm: Power
2022/08/27 22:13:48:379-Error Alarm: Stage Door
2022/08/27 22:13:49:393-Error: 連續5秒未執行Motion及IO更新!
2022/08/27 22:13:49:393-SystemCDA Error!
2022/08/27 22:13:49:393-SystemVacuum Error!
2022/08/27 22:13:49:393-EFEMCDA Error!
2022/08/27 22:13:49:393-EFEMVacuum Error!
2022/08/27 22:13:49:395-Error Alarm: Power
2022/08/27 22:13:49:395-Error Alarm: Stage Door
2022/08/27 22:13:50:407-Error Alarm: Power
2022/08/27 22:13:50:407-Error Alarm: Stage Door
2022/08/27 22:13:51:421-Error Alarm: Power
2022/08/27 22:13:51:422-Error Alarm: Stage Door
2022/08/27 22:13:52:435-Error Alarm: Power
2022/08/27 22:13:52:435-Error Alarm: Stage Door
2022/08/27 22:13:53:449-Error Alarm: Power
2022/08/27 22:13:53:449-Error Alarm: Stage Door
2022/08/27 22:13:54:463-Error Alarm: Power
2022/08/27 22:13:54:463-Error Alarm: Stage Door
2022/08/27 22:13:55:477-Error: 連續5秒未執行Motion及IO更新!
2022/08/27 22:13:55:477-SystemCDA Error!
2022/08/27 22:13:55:477-SystemVacuum Error!
2022/08/27 22:13:55:477-EFEMCDA Error!
2022/08/27 22:13:55:477-EFEMVacuum Error!
2022/08/27 22:13:55:481-Error Alarm: Power
2022/08/27 22:13:55:481-Error Alarm: Stage Door
2022/08/27 22:13:56:490-Error Alarm: Power
2022/08/27 22:13:56:490-Error Alarm: Stage Door
2022/08/27 22:13:57:504-Error Alarm: Power
2022/08/27 22:13:57:504-Error Alarm: Stage Door
2022/08/27 22:13:58:519-Error Alarm: Power
2022/08/27 22:13:58:520-Error Alarm: Stage Door
2022/08/27 22:13:59:533-Error Alarm: Power
2022/08/27 22:13:59:533-Error Alarm: Stage Door
2022/08/27 22:14:00:547-Error Alarm: Power
2022/08/27 22:14:00:548-Error Alarm: Stage Door
2022/08/27 22:14:01:561-Error: 連續5秒未執行Motion及IO更新!
2022/08/27 22:14:01:561-SystemCDA Error!
2022/08/27 22:14:01:561-SystemVacuum Error!
2022/08/27 22:14:01:561-EFEMCDA Error!
2022/08/27 22:14:01:562-EFEMVacuum Error!
2022/08/27 22:14:01:569-Error Alarm: Power
2022/08/27 22:14:01:569-Error Alarm: Stage Door
2022/08/27 22:14:02:575-Error Alarm: Power
2022/08/27 22:14:02:575-Error Alarm: Stage Door
2022/08/27 22:14:03:589-Error Alarm: Power
2022/08/27 22:14:03:589-Error Alarm: Stage Door
2022/08/27 22:14:04:603-Error Alarm: Power
2022/08/27 22:14:04:603-Error Alarm: Stage Door
2022/08/27 22:14:05:617-Error Alarm: Power
2022/08/27 22:14:05:617-Error Alarm: Stage Door
2022/08/27 22:14:06:631-Error Alarm: Power
2022/08/27 22:14:06:632-Error Alarm: Stage Door
2022/08/27 22:14:07:645-Error: 連續5秒未執行Motion及IO更新!
2022/08/27 22:14:07:645-SystemCDA Error!
2022/08/27 22:14:07:645-SystemVacuum Error!
2022/08/27 22:14:07:645-EFEMCDA Error!
2022/08/27 22:14:07:645-EFEMVacuum Error!
2022/08/27 22:14:07:650-Error Alarm: Power
2022/08/27 22:14:07:650-Error Alarm: Stage Door
2022/08/27 22:14:08:659-Error Alarm: Power
2022/08/27 22:14:08:659-Error Alarm: Stage Door
2022/08/27 22:14:09:673-Error Alarm: Power
2022/08/27 22:14:09:673-Error Alarm: Stage Door
2022/08/27 22:14:10:687-Error Alarm: Power
2022/08/27 22:14:10:687-Error Alarm: Stage Door
2022/08/27 22:14:11:701-Error Alarm: Power
2022/08/27 22:14:11:702-Error Alarm: Stage Door
2022/08/27 22:14:12:715-Error Alarm: Power
2022/08/27 22:14:12:716-Error Alarm: Stage Door
2022/08/27 22:14:13:729-Error: 連續5秒未執行Motion及IO更新!
2022/08/27 22:14:13:729-SystemCDA Error!
2022/08/27 22:14:13:729-SystemVacuum Error!
2022/08/27 22:14:13:729-EFEMCDA Error!
2022/08/27 22:14:13:729-EFEMVacuum Error!
2022/08/27 22:14:13:733-Error Alarm: Power
2022/08/27 22:14:13:733-Error Alarm: Stage Door
2022/08/27 22:14:14:743-Error Alarm: Power
2022/08/27 22:14:14:743-Error Alarm: Stage Door
2022/08/27 22:14:15:757-Error Alarm: Power
2022/08/27 22:14:15:757-Error Alarm: Stage Door
2022/08/27 22:14:16:771-Error Alarm: Power
2022/08/27 22:14:16:772-Error Alarm: Stage Door
2022/08/27 22:14:17:785-Error Alarm: Power
2022/08/27 22:14:17:785-Error Alarm: Stage Door
2022/08/27 22:14:18:800-Error Alarm: Power
2022/08/27 22:14:18:800-Error Alarm: Stage Door
2022/08/27 22:14:19:813-Error: 連續5秒未執行Motion及IO更新!
2022/08/27 22:14:19:813-SystemCDA Error!
2022/08/27 22:14:19:813-SystemVacuum Error!
2022/08/27 22:14:19:813-EFEMCDA Error!
2022/08/27 22:14:19:813-EFEMVacuum Error!
2022/08/27 22:14:19:817-Error Alarm: Power
2022/08/27 22:14:19:817-Error Alarm: Stage Door
2022/08/27 22:14:20:827-Error Alarm: Power
2022/08/27 22:14:20:827-Error Alarm: Stage Door
2022/08/27 22:14:21:841-Error Alarm: Power
2022/08/27 22:14:21:841-Error Alarm: Stage Door
2022/08/27 22:14:22:855-Error Alarm: Power
2022/08/27 22:14:22:855-Error Alarm: Stage Door
2022/08/27 22:14:23:869-Error Alarm: Power
2022/08/27 22:14:23:869-Error Alarm: Stage Door
2022/08/27 22:14:24:884-Error Alarm: Power
2022/08/27 22:14:24:884-Error Alarm: Stage Door
2022/08/27 22:14:25:898-Error: 連續5秒未執行Motion及IO更新!
2022/08/27 22:14:25:898-SystemCDA Error!
2022/08/27 22:14:25:898-SystemVacuum Error!
2022/08/27 22:14:25:898-EFEMCDA Error!
2022/08/27 22:14:25:898-EFEMVacuum Error!
2022/08/27 22:14:25:903-Error Alarm: Power
2022/08/27 22:14:25:903-Error Alarm: Stage Door
2022/08/27 22:14:26:911-Error Alarm: Power
2022/08/27 22:14:26:911-Error Alarm: Stage Door
2022/08/27 22:14:27:925-Error Alarm: Power
2022/08/27 22:14:27:925-Error Alarm: Stage Door
2022/08/27 22:14:28:940-Error Alarm: Power
2022/08/27 22:14:28:940-Error Alarm: Stage Door
2022/08/27 22:14:29:953-Error Alarm: Power
2022/08/27 22:14:29:953-Error Alarm: Stage Door
2022/08/27 22:14:30:967-Error Alarm: Power
2022/08/27 22:14:30:967-Error Alarm: Stage Door
2022/08/27 22:14:31:982-Error: 連續5秒未執行Motion及IO更新!
2022/08/27 22:14:31:982-SystemCDA Error!
2022/08/27 22:14:31:982-SystemVacuum Error!
2022/08/27 22:14:31:982-EFEMCDA Error!
2022/08/27 22:14:31:982-EFEMVacuum Error!
2022/08/27 22:14:31:984-Error Alarm: Power
2022/08/27 22:14:31:984-Error Alarm: Stage Door
2022/08/27 22:14:32:997-Error Alarm: Power
2022/08/27 22:14:32:997-Error Alarm: Stage Door
2022/08/27 22:14:34:010-Error Alarm: Power
2022/08/27 22:14:34:010-Error Alarm: Stage Door
2022/08/27 22:14:35:024-Error Alarm: Power
2022/08/27 22:14:35:024-Error Alarm: Stage Door
2022/08/27 22:14:36:038-Error Alarm: Power
2022/08/27 22:14:36:038-Error Alarm: Stage Door
2022/08/27 22:14:37:051-Error Alarm: Power
2022/08/27 22:14:37:052-Error Alarm: Stage Door
2022/08/27 22:14:38:065-Error: 連續5秒未執行Motion及IO更新!
2022/08/27 22:14:38:065-SystemCDA Error!
2022/08/27 22:14:38:065-SystemVacuum Error!
2022/08/27 22:14:38:065-EFEMCDA Error!
2022/08/27 22:14:38:065-EFEMVacuum Error!
2022/08/27 22:14:38:067-Error Alarm: Power
2022/08/27 22:14:38:067-Error Alarm: Stage Door
2022/08/27 22:14:39:080-Error Alarm: Power
2022/08/27 22:14:39:082-Error Alarm: Stage Door
2022/08/27 22:14:40:094-Error Alarm: Power
2022/08/27 22:14:40:095-Error Alarm: Stage Door
2022/08/27 22:14:41:108-Error Alarm: Power
2022/08/27 22:14:41:109-Error Alarm: Stage Door
2022/08/27 22:14:42:123-Error Alarm: Power
2022/08/27 22:14:42:123-Error Alarm: Stage Door
2022/08/27 22:14:43:135-Error Alarm: Power
2022/08/27 22:14:43:135-Error Alarm: Stage Door
2022/08/27 22:14:44:149-Error: 連續5秒未執行Motion及IO更新!
2022/08/27 22:14:44:150-SystemCDA Error!
2022/08/27 22:14:44:150-SystemVacuum Error!
2022/08/27 22:14:44:150-EFEMCDA Error!
2022/08/27 22:14:44:150-EFEMVacuum Error!
2022/08/27 22:14:44:152-Error Alarm: Power
2022/08/27 22:14:44:152-Error Alarm: Stage Door
2022/08/27 22:14:45:163-Error Alarm: Power
2022/08/27 22:14:45:163-Error Alarm: Stage Door
2022/08/27 22:14:46:177-Error Alarm: Power
2022/08/27 22:14:46:177-Error Alarm: Stage Door
2022/08/27 22:14:47:191-Error Alarm: Power
2022/08/27 22:14:47:191-Error Alarm: Stage Door
2022/08/27 22:14:48:205-Error Alarm: Power
2022/08/27 22:14:48:205-Error Alarm: Stage Door
2022/08/27 22:14:49:220-Error Alarm: Power
2022/08/27 22:14:49:220-Error Alarm: Stage Door
2022/08/27 22:14:50:233-Error: 連續5秒未執行Motion及IO更新!
2022/08/27 22:14:50:233-SystemCDA Error!
2022/08/27 22:14:50:233-SystemVacuum Error!
2022/08/27 22:14:50:233-EFEMCDA Error!
2022/08/27 22:14:50:233-EFEMVacuum Error!
2022/08/27 22:14:50:238-Error Alarm: Power
2022/08/27 22:14:50:238-Error Alarm: Stage Door
2022/08/27 22:14:51:248-Error Alarm: Power
2022/08/27 22:14:51:248-Error Alarm: Stage Door
2022/08/27 22:14:52:263-Error Alarm: Power
2022/08/27 22:14:52:263-Error Alarm: Stage Door
2022/08/27 22:14:53:276-Error Alarm: Power
2022/08/27 22:14:53:277-Error Alarm: Stage Door
2022/08/27 22:14:54:290-Error Alarm: Power
2022/08/27 22:14:54:291-Error Alarm: Stage Door
2022/08/27 22:14:55:303-Error Alarm: Power
2022/08/27 22:14:55:304-Error Alarm: Stage Door
2022/08/27 22:14:56:317-Error: 連續5秒未執行Motion及IO更新!
2022/08/27 22:14:56:317-SystemCDA Error!
2022/08/27 22:14:56:318-SystemVacuum Error!
2022/08/27 22:14:56:318-EFEMCDA Error!
2022/08/27 22:14:56:318-EFEMVacuum Error!
2022/08/27 22:14:56:321-Error Alarm: Power
2022/08/27 22:14:56:321-Error Alarm: Stage Door
2022/08/27 22:14:57:331-Error Alarm: Power
2022/08/27 22:14:57:332-Error Alarm: Stage Door
2022/08/27 22:14:58:345-Error Alarm: Power
2022/08/27 22:14:58:345-Error Alarm: Stage Door
2022/08/27 22:14:59:359-Error Alarm: Power
2022/08/27 22:14:59:359-Error Alarm: Stage Door
2022/08/27 22:15:00:373-Error Alarm: Power
2022/08/27 22:15:00:374-Error Alarm: Stage Door
2022/08/27 22:15:01:388-Error Alarm: Power
2022/08/27 22:15:01:388-Error Alarm: Stage Door
2022/08/27 22:15:02:402-Error: 連續5秒未執行Motion及IO更新!
2022/08/27 22:15:02:402-SystemCDA Error!
2022/08/27 22:15:02:403-SystemVacuum Error!
2022/08/27 22:15:02:403-EFEMCDA Error!
2022/08/27 22:15:02:403-EFEMVacuum Error!
2022/08/27 22:15:02:406-Error Alarm: Power
2022/08/27 22:15:02:406-Error Alarm: Stage Door
2022/08/27 22:15:03:415-Error Alarm: Power
2022/08/27 22:15:03:415-Error Alarm: Stage Door
2022/08/27 22:15:04:429-Error Alarm: Power
2022/08/27 22:15:04:430-Error Alarm: Stage Door
2022/08/27 22:15:05:443-Error Alarm: Power
2022/08/27 22:15:05:443-Error Alarm: Stage Door
2022/08/27 22:15:06:457-Error Alarm: Power
2022/08/27 22:15:06:457-Error Alarm: Stage Door
2022/08/27 22:15:07:471-Error Alarm: Power
2022/08/27 22:15:07:472-Error Alarm: Stage Door
2022/08/27 22:15:08:486-Error: 連續5秒未執行Motion及IO更新!
2022/08/27 22:15:08:486-SystemCDA Error!
2022/08/27 22:15:08:486-SystemVacuum Error!
2022/08/27 22:15:08:486-EFEMCDA Error!
2022/08/27 22:15:08:487-EFEMVacuum Error!
2022/08/27 22:15:08:489-Error Alarm: Power
2022/08/27 22:15:08:489-Error Alarm: Stage Door
2022/08/27 22:15:09:500-Error Alarm: Power
2022/08/27 22:15:09:501-Error Alarm: Stage Door
2022/08/27 22:15:10:514-Error Alarm: Power
2022/08/27 22:15:10:514-Error Alarm: Stage Door
2022/08/27 22:15:11:528-Error Alarm: Power
2022/08/27 22:15:11:528-Error Alarm: Stage Door
2022/08/27 22:15:12:543-Error Alarm: Power
2022/08/27 22:15:12:543-Error Alarm: Stage Door
2022/08/27 22:15:13:556-Error Alarm: Power
2022/08/27 22:15:13:556-Error Alarm: Stage Door
2022/08/27 22:15:14:570-Error: 連續5秒未執行Motion及IO更新!
2022/08/27 22:15:14:570-SystemCDA Error!
2022/08/27 22:15:14:571-SystemVacuum Error!
2022/08/27 22:15:14:571-EFEMCDA Error!
2022/08/27 22:15:14:571-EFEMVacuum Error!
2022/08/27 22:15:14:574-Error Alarm: Power
2022/08/27 22:15:14:574-Error Alarm: Stage Door
2022/08/27 22:15:15:583-Error Alarm: Power
2022/08/27 22:15:15:584-Error Alarm: Stage Door
2022/08/27 22:15:16:598-Error Alarm: Power
2022/08/27 22:15:16:598-Error Alarm: Stage Door
2022/08/27 22:15:17:612-Error Alarm: Power
2022/08/27 22:15:17:612-Error Alarm: Stage Door
2022/08/27 22:15:18:625-Error Alarm: Power
2022/08/27 22:15:18:625-Error Alarm: Stage Door
2022/08/27 22:15:19:639-Error Alarm: Power
2022/08/27 22:15:19:639-Error Alarm: Stage Door
2022/08/27 22:15:20:653-Error: 連續5秒未執行Motion及IO更新!
2022/08/27 22:15:20:653-SystemCDA Error!
2022/08/27 22:15:20:653-SystemVacuum Error!
2022/08/27 22:15:20:653-EFEMCDA Error!
2022/08/27 22:15:20:653-EFEMVacuum Error!
2022/08/27 22:15:20:654-Error Alarm: Power
2022/08/27 22:15:20:654-Error Alarm: Stage Door
2022/08/27 22:15:21:667-Error Alarm: Power
2022/08/27 22:15:21:667-Error Alarm: Stage Door
2022/08/27 22:15:22:682-Error Alarm: Power
2022/08/27 22:15:22:682-Error Alarm: Stage Door
2022/08/27 22:15:23:695-Error Alarm: Power
2022/08/27 22:15:23:695-Error Alarm: Stage Door
2022/08/27 22:15:24:709-Error Alarm: Power
2022/08/27 22:15:24:709-Error Alarm: Stage Door
2022/08/27 22:15:25:724-Error Alarm: Power
2022/08/27 22:15:25:724-Error Alarm: Stage Door
2022/08/27 22:15:26:738-Error: 連續5秒未執行Motion及IO更新!
2022/08/27 22:15:26:738-SystemCDA Error!
2022/08/27 22:15:26:738-SystemVacuum Error!
2022/08/27 22:15:26:739-EFEMCDA Error!
2022/08/27 22:15:26:739-EFEMVacuum Error!
2022/08/27 22:15:26:740-Error Alarm: Power
2022/08/27 22:15:26:741-Error Alarm: Stage Door
2022/08/27 22:15:27:752-Error Alarm: Power
2022/08/27 22:15:27:752-Error Alarm: Stage Door
2022/08/27 22:15:28:766-Error Alarm: Power
2022/08/27 22:15:28:766-Error Alarm: Stage Door
2022/08/27 22:15:29:780-Error Alarm: Power
2022/08/27 22:15:29:780-Error Alarm: Stage Door
2022/08/27 22:15:30:794-Error Alarm: Power
2022/08/27 22:15:30:795-Error Alarm: Stage Door
2022/08/27 22:15:31:808-Error Alarm: Power
2022/08/27 22:15:31:808-Error Alarm: Stage Door
2022/08/27 22:15:32:823-Error: 連續5秒未執行Motion及IO更新!
2022/08/27 22:15:32:823-SystemCDA Error!
2022/08/27 22:15:32:823-SystemVacuum Error!
2022/08/27 22:15:32:823-EFEMCDA Error!
2022/08/27 22:15:32:823-EFEMVacuum Error!
2022/08/27 22:15:32:826-Error Alarm: Power
2022/08/27 22:15:32:826-Error Alarm: Stage Door
2022/08/27 22:15:33:836-Error Alarm: Power
2022/08/27 22:15:33:837-Error Alarm: Stage Door
2022/08/27 22:15:34:849-Error Alarm: Power
2022/08/27 22:15:34:849-Error Alarm: Stage Door
2022/08/27 22:15:35:863-Error Alarm: Power
2022/08/27 22:15:35:864-Error Alarm: Stage Door
2022/08/27 22:15:36:877-Error Alarm: Power
2022/08/27 22:15:36:877-Error Alarm: Stage Door
2022/08/27 22:15:37:891-Error Alarm: Power
2022/08/27 22:15:37:891-Error Alarm: Stage Door
2022/08/27 22:15:38:905-Error: 連續5秒未執行Motion及IO更新!
2022/08/27 22:15:38:905-SystemCDA Error!
2022/08/27 22:15:38:905-SystemVacuum Error!
2022/08/27 22:15:38:905-EFEMCDA Error!
2022/08/27 22:15:38:905-EFEMVacuum Error!
2022/08/27 22:15:38:907-Error Alarm: Power
2022/08/27 22:15:38:907-Error Alarm: Stage Door
2022/08/27 22:15:39:919-Error Alarm: Power
2022/08/27 22:15:39:920-Error Alarm: Stage Door
2022/08/27 22:15:40:934-Error Alarm: Power
2022/08/27 22:15:40:935-Error Alarm: Stage Door
2022/08/27 22:15:41:947-Error Alarm: Power
2022/08/27 22:15:41:947-Error Alarm: Stage Door
2022/08/27 22:15:42:962-Error Alarm: Power
2022/08/27 22:15:42:963-Error Alarm: Stage Door
2022/08/27 22:15:43:976-Error Alarm: Power
2022/08/27 22:15:43:976-Error Alarm: Stage Door
2022/08/27 22:15:44:990-Error: 連續5秒未執行Motion及IO更新!
2022/08/27 22:15:44:990-SystemCDA Error!
2022/08/27 22:15:44:990-SystemVacuum Error!
2022/08/27 22:15:44:990-EFEMCDA Error!
2022/08/27 22:15:44:991-EFEMVacuum Error!
2022/08/27 22:15:44:992-Error Alarm: Power
2022/08/27 22:15:44:993-Error Alarm: Stage Door
2022/08/27 22:15:46:004-Error Alarm: Power
2022/08/27 22:15:46:004-Error Alarm: Stage Door
2022/08/27 22:15:47:018-Error Alarm: Power
2022/08/27 22:15:47:018-Error Alarm: Stage Door
2022/08/27 22:15:48:032-Error Alarm: Power
2022/08/27 22:15:48:032-Error Alarm: Stage Door
2022/08/27 22:15:49:046-Error Alarm: Power
2022/08/27 22:15:49:047-Error Alarm: Stage Door
2022/08/27 22:15:50:060-Error Alarm: Power
2022/08/27 22:15:50:061-Error Alarm: Stage Door
2022/08/27 22:15:51:074-Error: 連續5秒未執行Motion及IO更新!
2022/08/27 22:15:51:074-SystemCDA Error!
2022/08/27 22:15:51:075-SystemVacuum Error!
2022/08/27 22:15:51:075-EFEMCDA Error!
2022/08/27 22:15:51:077-EFEMVacuum Error!
2022/08/27 22:15:51:079-Error Alarm: Power
2022/08/27 22:15:51:079-Error Alarm: Stage Door
2022/08/27 22:15:52:088-Error Alarm: Power
2022/08/27 22:15:52:088-Error Alarm: Stage Door
2022/08/27 22:15:53:103-Error Alarm: Power
2022/08/27 22:15:53:103-Error Alarm: Stage Door
2022/08/27 22:15:54:115-Error Alarm: Power
2022/08/27 22:15:54:115-Error Alarm: Stage Door
2022/08/27 22:15:55:129-Error Alarm: Power
2022/08/27 22:15:55:129-Error Alarm: Stage Door
2022/08/27 22:15:56:143-Error Alarm: Power
2022/08/27 22:15:56:143-Error Alarm: Stage Door
2022/08/27 22:15:57:157-Error: 連續5秒未執行Motion及IO更新!
2022/08/27 22:15:57:157-SystemCDA Error!
2022/08/27 22:15:57:157-SystemVacuum Error!
2022/08/27 22:15:57:157-EFEMCDA Error!
2022/08/27 22:15:57:158-EFEMVacuum Error!
2022/08/27 22:15:57:160-Error Alarm: Power
2022/08/27 22:15:57:160-Error Alarm: Stage Door
2022/08/27 22:15:58:171-Error Alarm: Power
2022/08/27 22:15:58:171-Error Alarm: Stage Door
2022/08/27 22:15:59:185-Error Alarm: Power
2022/08/27 22:15:59:185-Error Alarm: Stage Door
2022/08/27 22:16:00:199-Error Alarm: Power
2022/08/27 22:16:00:200-Error Alarm: Stage Door
2022/08/27 22:16:01:214-Error Alarm: Power
2022/08/27 22:16:01:214-Error Alarm: Stage Door
2022/08/27 22:16:02:228-Error Alarm: Power
2022/08/27 22:16:02:229-Error Alarm: Stage Door
2022/08/27 22:16:03:242-Error: 連續5秒未執行Motion及IO更新!
2022/08/27 22:16:03:242-SystemCDA Error!
2022/08/27 22:16:03:242-SystemVacuum Error!
2022/08/27 22:16:03:243-EFEMCDA Error!
2022/08/27 22:16:03:243-EFEMVacuum Error!
2022/08/27 22:16:03:245-Error Alarm: Power
2022/08/27 22:16:03:245-Error Alarm: Stage Door
2022/08/27 22:16:04:256-Error Alarm: Power
2022/08/27 22:16:04:256-Error Alarm: Stage Door
2022/08/27 22:16:05:270-Error Alarm: Power
2022/08/27 22:16:05:270-Error Alarm: Stage Door
2022/08/27 22:16:06:284-Error Alarm: Power
2022/08/27 22:16:06:285-Error Alarm: Stage Door
2022/08/27 22:16:07:298-Error Alarm: Power
2022/08/27 22:16:07:298-Error Alarm: Stage Door
2022/08/27 22:16:08:312-Error Alarm: Power
2022/08/27 22:16:08:313-Error Alarm: Stage Door
2022/08/27 22:16:09:326-Error: 連續5秒未執行Motion及IO更新!
2022/08/27 22:16:09:326-SystemCDA Error!
2022/08/27 22:16:09:326-SystemVacuum Error!
2022/08/27 22:16:09:326-EFEMCDA Error!
2022/08/27 22:16:09:326-EFEMVacuum Error!
2022/08/27 22:16:09:329-Error Alarm: Power
2022/08/27 22:16:09:329-Error Alarm: Stage Door
2022/08/27 22:16:10:340-Error Alarm: Power
2022/08/27 22:16:10:340-Error Alarm: Stage Door
2022/08/27 22:16:11:354-Error Alarm: Power
2022/08/27 22:16:11:354-Error Alarm: Stage Door
2022/08/27 22:16:12:368-Error Alarm: Power
2022/08/27 22:16:12:368-Error Alarm: Stage Door
2022/08/27 22:16:13:381-Error Alarm: Power
2022/08/27 22:16:13:381-Error Alarm: Stage Door
2022/08/27 22:16:14:395-Error Alarm: Power
2022/08/27 22:16:14:395-Error Alarm: Stage Door
2022/08/27 22:16:15:409-Error: 連續5秒未執行Motion及IO更新!
2022/08/27 22:16:15:409-SystemCDA Error!
2022/08/27 22:16:15:409-SystemVacuum Error!
2022/08/27 22:16:15:410-EFEMCDA Error!
2022/08/27 22:16:15:410-EFEMVacuum Error!
2022/08/27 22:16:15:414-Error Alarm: Power
2022/08/27 22:16:15:414-Error Alarm: Stage Door
2022/08/27 22:16:16:423-Error Alarm: Power
2022/08/27 22:16:16:424-Error Alarm: Stage Door
2022/08/27 22:16:17:437-Error Alarm: Power
2022/08/27 22:16:17:438-Error Alarm: Stage Door
2022/08/27 22:16:18:452-Error Alarm: Power
2022/08/27 22:16:18:452-Error Alarm: Stage Door
