2023/08/13 23:27:42:274->>Log Ok
2023/08/13 23:27:42:382->>Version : C13
2023/08/13 23:27:42:382->>LoadSystemParameter()
2023/08/13 23:27:42:438->>LoadUserPosition()
2023/08/13 23:27:42:457-LoadWPosition(): F:\WindowsAP\Olympus\矽品-Auto\WVOlympusR-Auto-V12\RobotW.ini
2023/08/13 23:27:42:458-1: WPosition=541646
2023/08/13 23:27:42:459-2: WPosition=9200
2023/08/13 23:27:42:459-3: WPosition=9200
2023/08/13 23:27:42:460-4: WPosition=9200
2023/08/13 23:27:42:467->>LoadLensPosition()
2023/08/13 23:27:42:483->>LoadCalibrationFactor()
2023/08/13 23:27:42:484->>ReadLEDValue()
2023/08/13 23:27:43:087->>InitLampControl2()
2023/08/13 23:27:43:587->>After Parameter Loaded: Motion
2023/08/13 23:27:44:227-InitJoystick Fail!
2023/08/13 23:27:44:239->Motion : Init
2023/08/13 23:27:44:241->>Motion Initial失敗!
2023/08/13 23:27:44:241->>Register Motion Card Error!
2023/08/13 23:27:44:241->Motion Completed.
2023/08/13 23:27:44:244-Setup CCD...
2023/08/13 23:27:44:246-Setup CCD: ViewWorks...
2023/08/13 23:27:53:530-關閉作業頁面1.
2023/08/13 23:28:20:453-Logged. Set boolWaitLog to true.
2023/08/13 23:28:20:532-boolWaitLog = true Done.
2023/08/13 23:28:20:533-End Log1.
2023/08/13 23:28:20:533-End Log2.
2023/08/13 23:28:20:540-End Log3.
2023/08/13 23:28:20:541-End Log.
2023/08/13 23:28:25:593-Close Done.
