2023/08/09 23:08:20:541->>Log Ok
2023/08/09 23:08:20:606->>Version : C13
2023/08/09 23:08:20:606->>LoadSystemParameter()
2023/08/09 23:08:20:649->>LoadUserPosition()
2023/08/09 23:08:20:663-LoadWPosition(): F:\WindowsAP\Olympus\ª¿«~-Auto\WVOlympusR-Auto-V12\RobotW.ini
2023/08/09 23:08:20:664-1: WPosition=541646
2023/08/09 23:08:20:664-2: WPosition=9200
2023/08/09 23:08:20:665-3: WPosition=9200
2023/08/09 23:08:20:666-4: WPosition=9200
2023/08/09 23:08:20:672->>LoadLensPosition()
2023/08/09 23:08:20:682->>LoadCalibrationFactor()
2023/08/09 23:08:20:683->>ReadLEDValue()
2023/08/09 23:08:21:284->>InitLampControl2()
2023/08/09 23:08:21:784->>After Parameter Loaded: Motion
2023/08/09 23:08:22:368-InitJoystick Fail!
2023/08/09 23:08:22:378->Motion : Init
2023/08/09 23:08:22:381->>Motion Initial¥¢±Ñ!
2023/08/09 23:08:22:381->>Register Motion Card Error!
2023/08/09 23:08:22:382->Motion Completed.
2023/08/09 23:08:22:384-Setup CCD...
2023/08/09 23:08:22:385-Setup CCD: ViewWorks...
2023/08/09 23:16:32:807-Close All Timer...
2023/08/09 23:16:32:937-Close All Timer.
2023/08/09 23:16:32:937-Close Done.
