2023/08/09 22:59:24:491->>Log Ok
2023/08/09 22:59:24:571->>Version : C13
2023/08/09 22:59:24:571->>LoadSystemParameter()
2023/08/09 22:59:24:612->>LoadUserPosition()
2023/08/09 22:59:24:626-LoadWPosition(): F:\WindowsAP\Olympus\ª¿«~-Auto\WVOlympusR-Auto-V12\RobotW.ini
2023/08/09 22:59:24:627-1: WPosition=541646
2023/08/09 22:59:24:628-2: WPosition=9200
2023/08/09 22:59:24:628-3: WPosition=9200
2023/08/09 22:59:24:629-4: WPosition=9200
2023/08/09 22:59:24:635->>LoadLensPosition()
2023/08/09 22:59:24:643->>LoadCalibrationFactor()
2023/08/09 22:59:24:644->>ReadLEDValue()
2023/08/09 22:59:25:250->>InitLampControl2()
2023/08/09 22:59:25:750->>After Parameter Loaded: Motion
2023/08/09 22:59:26:300-InitJoystick Fail!
2023/08/09 22:59:26:308->Motion : Init
2023/08/09 22:59:26:311->>Motion Initial¥¢±Ñ!
2023/08/09 22:59:26:312->>Register Motion Card Error!
2023/08/09 22:59:26:312->Motion Completed.
2023/08/09 22:59:26:315-Setup CCD...
2023/08/09 22:59:26:315-Setup CCD: ViewWorks...
2023/08/09 23:02:45:804-Close All Timer...
2023/08/09 23:02:45:923-Close All Timer.
2023/08/09 23:02:45:923-Close Done.
