2023/07/19 15:53:19:399->>Log Ok
2023/07/19 15:53:19:520->>Version : C13
2023/07/19 15:53:19:521->>LoadSystemParameter()
2023/07/19 15:53:19:582->>LoadUserPosition()
2023/07/19 15:53:19:608-LoadWPosition(): F:\WindowsAP\Olympus\矽品-Auto\WVOlympusR-Auto-V11\RobotW.ini
2023/07/19 15:53:19:610-1: WPosition=541646
2023/07/19 15:53:19:611-2: WPosition=9200
2023/07/19 15:53:19:611-3: WPosition=9200
2023/07/19 15:53:19:612-4: WPosition=9200
2023/07/19 15:53:19:614->>LoadLensPosition()
2023/07/19 15:53:19:631->>LoadCalibrationFactor()
2023/07/19 15:53:19:632->>ReadLEDValue()
2023/07/19 15:53:20:234->>InitLampControl2()
2023/07/19 15:53:20:735->>After Parameter Loaded: Motion
2023/07/19 15:53:21:407->Motion : Init
2023/07/19 15:53:21:411->>Motion Initial失敗!
2023/07/19 15:53:21:412->>Register Motion Card Error!
2023/07/19 15:53:21:412->Motion Completed.
2023/07/19 15:53:59:012-Setup CCD...
2023/07/19 15:54:01:941-Setup CCD: 1
2023/07/19 15:54:01:944-Setup CCD: 2
2023/07/19 15:54:01:945-Setup CCD: [DFK 33G274 [HD-002]], [11124360]
2023/07/19 15:54:01:946-Setup Database...
2023/07/19 15:54:01:954-Load User.ini...
2023/07/19 15:54:01:982-Check License...
2023/07/19 15:54:01:991-Init CCD Buffer...
2023/07/19 15:54:01:992-未偵測到CCD! 強制設為Color CCD: 1280*1014
2023/07/19 15:54:02:584-Setup NCC...
2023/07/19 15:54:02:587-Init: Do SetMotionStatus(). - False
2023/07/19 15:54:02:594-MotionStatus: 設定tsRorzeEFEM為false
2023/07/19 15:54:02:597->>[Timer]: tmSystem
2023/07/19 15:54:02:597->>[Timer]: tm500ms
2023/07/19 15:54:02:597->>[Timer]: tm250ms
2023/07/19 15:54:02:597->>[Timer]: tm400ms
2023/07/19 15:54:02:598-FormShow Completed.
2023/07/19 15:54:02:605-FormShow完成: 檢查Vacuum, CDA
2023/07/19 15:54:02:606-CheckCDAVacuum: 尚未做過DIO更新, 不執行.
2023/07/19 15:54:04:880-realr,diew,dieh,nox,noy=294000.0,5000,5000,58,58
2023/07/19 15:54:05:202-SetupEFEM() Enter...
2023/07/19 15:54:05:202-SetupEFEM() Rorze...
2023/07/19 15:54:10:207-SetupEFEM() Rorze.
2023/07/19 15:54:10:227-Error Alarm: Power
2023/07/19 15:54:10:227-Error Alarm: Stage Door
2023/07/19 15:54:10:702-Error Alarm: Power
2023/07/19 15:54:10:702-Error Alarm: Stage Door
2023/07/19 15:54:11:208-SetupEFEM(): 測試SECS Socket...
2023/07/19 15:54:11:208-SECS is no connected, Connecting...
2023/07/19 15:54:11:716-Error Alarm: Power
2023/07/19 15:54:11:716-Error Alarm: Stage Door
2023/07/19 15:54:12:729-Error Alarm: Power
2023/07/19 15:54:12:729-Error Alarm: Stage Door
2023/07/19 15:54:13:236-關閉作業頁面1.
2023/07/19 15:54:13:744-Error Alarm: Power
2023/07/19 15:54:13:744-Error Alarm: Stage Door
2023/07/19 15:54:14:758-Error: 連續5秒未執行Motion及IO更新!
2023/07/19 15:54:14:758-CheckCDAVacuum: 尚未做過DIO更新, 不執行.
2023/07/19 15:54:14:759-Error Alarm: Power
2023/07/19 15:54:14:759-Error Alarm: Stage Door
2023/07/19 15:54:15:239-MotionStatus: 設定tsRorzeEFEM為true
2023/07/19 15:54:15:299-Logged. Set boolWaitLog to true.
2023/07/19 15:54:15:304-boolWaitLog = true Done.
2023/07/19 15:54:15:305-End Log1.
2023/07/19 15:54:15:305-End Log2.
2023/07/19 15:54:15:313-End Log3.
2023/07/19 15:54:15:316-End Log.
2023/07/19 15:54:15:773-Error Alarm: Power
2023/07/19 15:54:15:774-Error Alarm: Stage Door
2023/07/19 15:54:16:830-Error Alarm: Power
2023/07/19 15:54:16:830-Error Alarm: Stage Door
2023/07/19 15:54:17:802-Error Alarm: Power
2023/07/19 15:54:17:802-Error Alarm: Stage Door
2023/07/19 15:54:18:814-Error Alarm: Power
2023/07/19 15:54:18:814-Error Alarm: Stage Door
2023/07/19 15:54:19:828-Error Alarm: Power
2023/07/19 15:54:19:828-Error Alarm: Stage Door
2023/07/19 15:54:20:842-Error: 連續5秒未執行Motion及IO更新!
2023/07/19 15:54:20:842-CheckCDAVacuum: 尚未做過DIO更新, 不執行.
2023/07/19 15:54:20:843-Error Alarm: Power
2023/07/19 15:54:20:843-Error Alarm: Stage Door
2023/07/19 15:54:21:856-Error Alarm: Power
2023/07/19 15:54:21:856-Error Alarm: Stage Door
2023/07/19 15:54:22:869-Error Alarm: Power
2023/07/19 15:54:22:869-Error Alarm: Stage Door
2023/07/19 15:54:23:884-Error Alarm: Power
2023/07/19 15:54:23:884-Error Alarm: Stage Door
2023/07/19 15:54:24:897-Error Alarm: Power
2023/07/19 15:54:24:898-Error Alarm: Stage Door
2023/07/19 15:54:25:322-SECS communication failed!
2023/07/19 15:54:25:322-SetupEFEM() Check Socket and COM Port Result...
2023/07/19 15:54:25:323-SetupEFEM() Socket or COM port異常!
2023/07/19 15:54:25:335-SetupEFEM() Leave.
2023/07/19 15:54:26:351-SetupEFEM完成(tmSetupEFEM): 檢查Vacuum, CDA
2023/07/19 15:54:26:368-Error Alarm: Power
2023/07/19 15:54:26:368-Error Alarm: Stage Door
2023/07/19 15:54:26:925-Error: 連續5秒未執行Motion及IO更新!
2023/07/19 15:54:26:925-SystemCDA Error!
2023/07/19 15:54:26:925-SystemVacuum Error!
2023/07/19 15:54:26:925-EFEMCDA Error!
2023/07/19 15:54:26:926-EFEMVacuum Error!
2023/07/19 15:54:26:932-Error Alarm: Power
2023/07/19 15:54:26:932-Error Alarm: Stage Door
2023/07/19 15:54:27:939-Error Alarm: Power
2023/07/19 15:54:27:939-Error Alarm: Stage Door
2023/07/19 15:54:28:953-Error Alarm: Power
2023/07/19 15:54:28:953-Error Alarm: Stage Door
2023/07/19 15:54:29:967-Error Alarm: Power
2023/07/19 15:54:29:967-Error Alarm: Stage Door
2023/07/19 15:54:30:981-Error Alarm: Power
2023/07/19 15:54:30:981-Error Alarm: Stage Door
2023/07/19 15:54:31:995-Error Alarm: Power
2023/07/19 15:54:31:995-Error Alarm: Stage Door
2023/07/19 15:54:33:009-Error: 連續5秒未執行Motion及IO更新!
2023/07/19 15:54:33:009-SystemCDA Error!
2023/07/19 15:54:33:009-SystemVacuum Error!
2023/07/19 15:54:33:010-EFEMCDA Error!
2023/07/19 15:54:33:010-EFEMVacuum Error!
2023/07/19 15:54:33:012-Error Alarm: Power
2023/07/19 15:54:33:012-Error Alarm: Stage Door
2023/07/19 15:54:34:024-Error Alarm: Power
2023/07/19 15:54:34:025-Error Alarm: Stage Door
2023/07/19 15:54:35:038-Error Alarm: Power
2023/07/19 15:54:35:038-Error Alarm: Stage Door
2023/07/19 15:54:36:052-Error Alarm: Power
2023/07/19 15:54:36:053-Error Alarm: Stage Door
2023/07/19 15:54:37:066-Error Alarm: Power
2023/07/19 15:54:37:066-Error Alarm: Stage Door
2023/07/19 15:54:38:080-Error Alarm: Power
2023/07/19 15:54:38:080-Error Alarm: Stage Door
2023/07/19 15:54:39:093-Error: 連續5秒未執行Motion及IO更新!
2023/07/19 15:54:39:093-SystemCDA Error!
2023/07/19 15:54:39:093-SystemVacuum Error!
2023/07/19 15:54:39:093-EFEMCDA Error!
2023/07/19 15:54:39:094-EFEMVacuum Error!
2023/07/19 15:54:39:095-Error Alarm: Power
2023/07/19 15:54:39:095-Error Alarm: Stage Door
2023/07/19 15:54:40:107-Error Alarm: Power
2023/07/19 15:54:40:107-Error Alarm: Stage Door
2023/07/19 15:54:40:638-SECS Socket重連線...
2023/07/19 15:54:41:122-Error Alarm: Power
2023/07/19 15:54:41:122-Error Alarm: Stage Door
2023/07/19 15:54:42:136-Error Alarm: Power
2023/07/19 15:54:42:136-Error Alarm: Stage Door
2023/07/19 15:54:42:139-SECS Socket重連線.
2023/07/19 15:54:43:149-Error Alarm: Power
2023/07/19 15:54:43:149-Error Alarm: Stage Door
2023/07/19 15:54:44:163-Error Alarm: Power
2023/07/19 15:54:44:163-Error Alarm: Stage Door
2023/07/19 15:54:45:177-Error: 連續5秒未執行Motion及IO更新!
2023/07/19 15:54:45:178-SystemCDA Error!
2023/07/19 15:54:45:178-SystemVacuum Error!
2023/07/19 15:54:45:178-EFEMCDA Error!
2023/07/19 15:54:45:179-EFEMVacuum Error!
2023/07/19 15:54:45:182-Error Alarm: Power
2023/07/19 15:54:45:182-Error Alarm: Stage Door
2023/07/19 15:54:46:192-Error Alarm: Power
2023/07/19 15:54:46:192-Error Alarm: Stage Door
2023/07/19 15:54:47:205-Error Alarm: Power
2023/07/19 15:54:47:205-Error Alarm: Stage Door
2023/07/19 15:54:48:219-Error Alarm: Power
2023/07/19 15:54:48:219-Error Alarm: Stage Door
2023/07/19 15:54:49:233-Error Alarm: Power
2023/07/19 15:54:49:234-Error Alarm: Stage Door
2023/07/19 15:54:50:247-Error Alarm: Power
2023/07/19 15:54:50:248-Error Alarm: Stage Door
2023/07/19 15:54:51:262-Error: 連續5秒未執行Motion及IO更新!
2023/07/19 15:54:51:262-SystemCDA Error!
2023/07/19 15:54:51:263-SystemVacuum Error!
2023/07/19 15:54:51:263-EFEMCDA Error!
2023/07/19 15:54:51:263-EFEMVacuum Error!
2023/07/19 15:54:51:265-Error Alarm: Power
2023/07/19 15:54:51:266-Error Alarm: Stage Door
2023/07/19 15:54:52:277-Error Alarm: Power
2023/07/19 15:54:52:277-Error Alarm: Stage Door
2023/07/19 15:54:53:290-Error Alarm: Power
2023/07/19 15:54:53:290-Error Alarm: Stage Door
2023/07/19 15:54:54:304-Error Alarm: Power
2023/07/19 15:54:54:304-Error Alarm: Stage Door
2023/07/19 15:54:55:318-Error Alarm: Power
2023/07/19 15:54:55:318-Error Alarm: Stage Door
2023/07/19 15:54:56:332-Error Alarm: Power
2023/07/19 15:54:56:332-Error Alarm: Stage Door
2023/07/19 15:54:57:346-Error: 連續5秒未執行Motion及IO更新!
2023/07/19 15:54:57:346-SystemCDA Error!
2023/07/19 15:54:57:347-SystemVacuum Error!
2023/07/19 15:54:57:347-EFEMCDA Error!
2023/07/19 15:54:57:347-EFEMVacuum Error!
2023/07/19 15:54:57:349-Error Alarm: Power
2023/07/19 15:54:57:350-Error Alarm: Stage Door
2023/07/19 15:54:58:359-Error Alarm: Power
2023/07/19 15:54:58:359-Error Alarm: Stage Door
2023/07/19 15:54:59:373-Error Alarm: Power
2023/07/19 15:54:59:373-Error Alarm: Stage Door
2023/07/19 15:55:00:390-Error Alarm: Power
2023/07/19 15:55:00:390-Error Alarm: Stage Door
2023/07/19 15:55:01:401-Error Alarm: Power
2023/07/19 15:55:01:401-Error Alarm: Stage Door
2023/07/19 15:55:02:416-Error Alarm: Power
2023/07/19 15:55:02:417-Error Alarm: Stage Door
2023/07/19 15:55:03:429-Error: 連續5秒未執行Motion及IO更新!
2023/07/19 15:55:03:429-SystemCDA Error!
2023/07/19 15:55:03:430-SystemVacuum Error!
2023/07/19 15:55:03:430-EFEMCDA Error!
2023/07/19 15:55:03:430-EFEMVacuum Error!
2023/07/19 15:55:03:432-Error Alarm: Power
2023/07/19 15:55:03:433-Error Alarm: Stage Door
2023/07/19 15:55:04:443-Error Alarm: Power
2023/07/19 15:55:04:443-Error Alarm: Stage Door
2023/07/19 15:55:05:457-Error Alarm: Power
2023/07/19 15:55:05:457-Error Alarm: Stage Door
2023/07/19 15:55:06:471-Error Alarm: Power
2023/07/19 15:55:06:471-Error Alarm: Stage Door
2023/07/19 15:55:07:485-Error Alarm: Power
2023/07/19 15:55:07:486-Error Alarm: Stage Door
2023/07/19 15:55:08:500-Error Alarm: Power
2023/07/19 15:55:08:500-Error Alarm: Stage Door
2023/07/19 15:55:09:514-Error: 連續5秒未執行Motion及IO更新!
2023/07/19 15:55:09:514-SystemCDA Error!
2023/07/19 15:55:09:515-SystemVacuum Error!
2023/07/19 15:55:09:515-EFEMCDA Error!
2023/07/19 15:55:09:515-EFEMVacuum Error!
2023/07/19 15:55:09:518-Error Alarm: Power
2023/07/19 15:55:09:519-Error Alarm: Stage Door
2023/07/19 15:55:10:528-Error Alarm: Power
2023/07/19 15:55:10:528-Error Alarm: Stage Door
2023/07/19 15:55:11:542-Error Alarm: Power
2023/07/19 15:55:11:542-Error Alarm: Stage Door
2023/07/19 15:55:11:573-SECS Socket重連線...
2023/07/19 15:55:12:558-Error Alarm: Power
2023/07/19 15:55:12:558-Error Alarm: Stage Door
2023/07/19 15:55:13:075-SECS Socket重連線.
2023/07/19 15:55:13:570-Error Alarm: Power
2023/07/19 15:55:13:570-Error Alarm: Stage Door
2023/07/19 15:55:14:584-Error Alarm: Power
2023/07/19 15:55:14:584-Error Alarm: Stage Door
2023/07/19 15:55:15:598-Error: 連續5秒未執行Motion及IO更新!
2023/07/19 15:55:15:598-SystemCDA Error!
2023/07/19 15:55:15:598-SystemVacuum Error!
2023/07/19 15:55:15:599-EFEMCDA Error!
2023/07/19 15:55:15:599-EFEMVacuum Error!
2023/07/19 15:55:15:602-Error Alarm: Power
2023/07/19 15:55:15:602-Error Alarm: Stage Door
2023/07/19 15:55:16:612-Error Alarm: Power
2023/07/19 15:55:16:612-Error Alarm: Stage Door
2023/07/19 15:55:17:626-Error Alarm: Power
2023/07/19 15:55:17:626-Error Alarm: Stage Door
2023/07/19 15:55:18:639-Error Alarm: Power
2023/07/19 15:55:18:639-Error Alarm: Stage Door
2023/07/19 15:55:19:653-Error Alarm: Power
2023/07/19 15:55:19:653-Error Alarm: Stage Door
2023/07/19 15:55:20:667-Error Alarm: Power
2023/07/19 15:55:20:667-Error Alarm: Stage Door
2023/07/19 15:55:21:681-Error: 連續5秒未執行Motion及IO更新!
2023/07/19 15:55:21:681-SystemCDA Error!
2023/07/19 15:55:21:682-SystemVacuum Error!
2023/07/19 15:55:21:682-EFEMCDA Error!
2023/07/19 15:55:21:682-EFEMVacuum Error!
2023/07/19 15:55:21:684-Error Alarm: Power
2023/07/19 15:55:21:685-Error Alarm: Stage Door
2023/07/19 15:55:22:695-Error Alarm: Power
2023/07/19 15:55:22:695-Error Alarm: Stage Door
2023/07/19 15:55:23:709-Error Alarm: Power
2023/07/19 15:55:23:709-Error Alarm: Stage Door
2023/07/19 15:55:24:723-Error Alarm: Power
2023/07/19 15:55:24:723-Error Alarm: Stage Door
2023/07/19 15:55:25:738-Error Alarm: Power
2023/07/19 15:55:25:738-Error Alarm: Stage Door
2023/07/19 15:55:26:752-Error Alarm: Power
2023/07/19 15:55:26:752-Error Alarm: Stage Door
2023/07/19 15:55:27:766-Error: 連續5秒未執行Motion及IO更新!
2023/07/19 15:55:27:766-SystemCDA Error!
2023/07/19 15:55:27:767-SystemVacuum Error!
2023/07/19 15:55:27:767-EFEMCDA Error!
2023/07/19 15:55:27:767-EFEMVacuum Error!
2023/07/19 15:55:27:770-Error Alarm: Power
2023/07/19 15:55:27:770-Error Alarm: Stage Door
2023/07/19 15:55:28:781-Error Alarm: Power
2023/07/19 15:55:28:781-Error Alarm: Stage Door
2023/07/19 15:55:29:794-Error Alarm: Power
2023/07/19 15:55:29:794-Error Alarm: Stage Door
2023/07/19 15:55:30:808-Error Alarm: Power
2023/07/19 15:55:30:808-Error Alarm: Stage Door
2023/07/19 15:55:31:822-Error Alarm: Power
2023/07/19 15:55:31:822-Error Alarm: Stage Door
2023/07/19 15:55:32:836-Error Alarm: Power
2023/07/19 15:55:32:836-Error Alarm: Stage Door
2023/07/19 15:55:33:850-Error: 連續5秒未執行Motion及IO更新!
2023/07/19 15:55:33:850-SystemCDA Error!
2023/07/19 15:55:33:850-SystemVacuum Error!
2023/07/19 15:55:33:850-EFEMCDA Error!
2023/07/19 15:55:33:851-EFEMVacuum Error!
2023/07/19 15:55:33:853-Error Alarm: Power
2023/07/19 15:55:33:853-Error Alarm: Stage Door
2023/07/19 15:55:34:864-Error Alarm: Power
2023/07/19 15:55:34:864-Error Alarm: Stage Door
2023/07/19 15:55:35:878-Error Alarm: Power
2023/07/19 15:55:35:878-Error Alarm: Stage Door
2023/07/19 15:55:36:892-Error Alarm: Power
2023/07/19 15:55:36:892-Error Alarm: Stage Door
2023/07/19 15:55:37:906-Error Alarm: Power
2023/07/19 15:55:37:906-Error Alarm: Stage Door
2023/07/19 15:55:38:920-Error Alarm: Power
2023/07/19 15:55:38:920-Error Alarm: Stage Door
2023/07/19 15:55:39:934-Error: 連續5秒未執行Motion及IO更新!
2023/07/19 15:55:39:934-SystemCDA Error!
2023/07/19 15:55:39:935-SystemVacuum Error!
2023/07/19 15:55:39:935-EFEMCDA Error!
2023/07/19 15:55:39:935-EFEMVacuum Error!
2023/07/19 15:55:39:937-Error Alarm: Power
2023/07/19 15:55:39:938-Error Alarm: Stage Door
2023/07/19 15:55:40:953-Error Alarm: Power
2023/07/19 15:55:40:953-Error Alarm: Stage Door
2023/07/19 15:55:41:962-Error Alarm: Power
2023/07/19 15:55:41:962-Error Alarm: Stage Door
2023/07/19 15:55:42:508-SECS Socket重連線...
2023/07/19 15:55:42:978-Error Alarm: Power
2023/07/19 15:55:42:979-Error Alarm: Stage Door
2023/07/19 15:55:43:991-Error Alarm: Power
2023/07/19 15:55:43:991-Error Alarm: Stage Door
2023/07/19 15:55:44:010-SECS Socket重連線.
2023/07/19 15:55:45:006-Error Alarm: Power
2023/07/19 15:55:45:006-Error Alarm: Stage Door
2023/07/19 15:55:46:018-Error: 連續5秒未執行Motion及IO更新!
2023/07/19 15:55:46:018-SystemCDA Error!
2023/07/19 15:55:46:018-SystemVacuum Error!
2023/07/19 15:55:46:019-EFEMCDA Error!
2023/07/19 15:55:46:019-EFEMVacuum Error!
2023/07/19 15:55:46:021-Error Alarm: Power
2023/07/19 15:55:46:022-Error Alarm: Stage Door
2023/07/19 15:55:47:032-Error Alarm: Power
2023/07/19 15:55:47:033-Error Alarm: Stage Door
2023/07/19 15:55:48:046-Error Alarm: Power
2023/07/19 15:55:48:046-Error Alarm: Stage Door
2023/07/19 15:55:49:060-Error Alarm: Power
2023/07/19 15:55:49:060-Error Alarm: Stage Door
2023/07/19 15:55:50:074-Error Alarm: Power
2023/07/19 15:55:50:074-Error Alarm: Stage Door
2023/07/19 15:55:51:088-Error Alarm: Power
2023/07/19 15:55:51:088-Error Alarm: Stage Door
2023/07/19 15:55:52:102-Error: 連續5秒未執行Motion及IO更新!
2023/07/19 15:55:52:102-SystemCDA Error!
2023/07/19 15:55:52:102-SystemVacuum Error!
2023/07/19 15:55:52:103-EFEMCDA Error!
2023/07/19 15:55:52:103-EFEMVacuum Error!
2023/07/19 15:55:52:106-Error Alarm: Power
2023/07/19 15:55:52:107-Error Alarm: Stage Door
2023/07/19 15:55:53:116-Error Alarm: Power
2023/07/19 15:55:53:116-Error Alarm: Stage Door
2023/07/19 15:55:54:130-Error Alarm: Power
2023/07/19 15:55:54:130-Error Alarm: Stage Door
2023/07/19 15:55:55:144-Error Alarm: Power
2023/07/19 15:55:55:144-Error Alarm: Stage Door
2023/07/19 15:55:56:158-Error Alarm: Power
2023/07/19 15:55:56:158-Error Alarm: Stage Door
2023/07/19 15:55:57:172-Error Alarm: Power
2023/07/19 15:55:57:172-Error Alarm: Stage Door
2023/07/19 15:55:58:186-Error: 連續5秒未執行Motion及IO更新!
2023/07/19 15:55:58:187-SystemCDA Error!
2023/07/19 15:55:58:187-SystemVacuum Error!
2023/07/19 15:55:58:187-EFEMCDA Error!
2023/07/19 15:55:58:187-EFEMVacuum Error!
2023/07/19 15:55:58:190-Error Alarm: Power
2023/07/19 15:55:58:190-Error Alarm: Stage Door
2023/07/19 15:55:59:203-Error Alarm: Power
2023/07/19 15:55:59:204-Error Alarm: Stage Door
2023/07/19 15:56:00:214-Error Alarm: Power
2023/07/19 15:56:00:214-Error Alarm: Stage Door
2023/07/19 15:56:01:229-Error Alarm: Power
2023/07/19 15:56:01:230-Error Alarm: Stage Door
2023/07/19 15:56:02:243-Error Alarm: Power
2023/07/19 15:56:02:243-Error Alarm: Stage Door
2023/07/19 15:56:03:257-Error Alarm: Power
2023/07/19 15:56:03:257-Error Alarm: Stage Door
2023/07/19 15:56:04:271-Error: 連續5秒未執行Motion及IO更新!
2023/07/19 15:56:04:271-SystemCDA Error!
2023/07/19 15:56:04:271-SystemVacuum Error!
2023/07/19 15:56:04:272-EFEMCDA Error!
2023/07/19 15:56:04:272-EFEMVacuum Error!
2023/07/19 15:56:04:274-Error Alarm: Power
2023/07/19 15:56:04:275-Error Alarm: Stage Door
2023/07/19 15:56:05:284-Error Alarm: Power
2023/07/19 15:56:05:285-Error Alarm: Stage Door
2023/07/19 15:56:06:298-Error Alarm: Power
2023/07/19 15:56:06:298-Error Alarm: Stage Door
2023/07/19 15:56:07:312-Error Alarm: Power
2023/07/19 15:56:07:313-Error Alarm: Stage Door
2023/07/19 15:56:08:326-Error Alarm: Power
2023/07/19 15:56:08:326-Error Alarm: Stage Door
2023/07/19 15:56:09:340-Error Alarm: Power
2023/07/19 15:56:09:340-Error Alarm: Stage Door
2023/07/19 15:56:10:354-Error: 連續5秒未執行Motion及IO更新!
2023/07/19 15:56:10:354-SystemCDA Error!
2023/07/19 15:56:10:354-SystemVacuum Error!
2023/07/19 15:56:10:354-EFEMCDA Error!
2023/07/19 15:56:10:355-EFEMVacuum Error!
2023/07/19 15:56:10:360-Error Alarm: Power
2023/07/19 15:56:10:360-Error Alarm: Stage Door
