2023/08/09 23:03:00:859->>Log Ok
2023/08/09 23:03:00:937->>Version : C13
2023/08/09 23:03:00:937->>LoadSystemParameter()
2023/08/09 23:03:00:978->>LoadUserPosition()
2023/08/09 23:03:00:992-LoadWPosition(): F:\WindowsAP\Olympus\ª¿«~-Auto\WVOlympusR-Auto-V12\RobotW.ini
2023/08/09 23:03:00:992-1: WPosition=541646
2023/08/09 23:03:00:993-2: WPosition=9200
2023/08/09 23:03:00:993-3: WPosition=9200
2023/08/09 23:03:00:994-4: WPosition=9200
2023/08/09 23:03:01:000->>LoadLensPosition()
2023/08/09 23:03:01:008->>LoadCalibrationFactor()
2023/08/09 23:03:01:009->>ReadLEDValue()
2023/08/09 23:03:01:610->>InitLampControl2()
2023/08/09 23:03:02:111->>After Parameter Loaded: Motion
2023/08/09 23:03:02:658-InitJoystick Fail!
2023/08/09 23:03:02:666->Motion : Init
2023/08/09 23:03:02:669->>Motion Initial¥¢±Ñ!
2023/08/09 23:03:02:669->>Register Motion Card Error!
2023/08/09 23:03:02:669->Motion Completed.
2023/08/09 23:03:02:672-Setup CCD...
2023/08/09 23:03:02:673-Setup CCD: ViewWorks...
2023/08/09 23:07:26:969-Close All Timer...
2023/08/09 23:07:27:084-Close All Timer.
2023/08/09 23:07:27:084-Close Done.
